<?xml version="1.0" encoding="UTF-8"?>
<testng-results skipped="0" failed="3" ignored="0" total="14" passed="11">
  <reporter-output>
  </reporter-output>
  <suite name="Default suite" duration-ms="400088" started-at="2017-06-23T13:29:15Z" finished-at="2017-06-23T13:35:55Z">
    <groups>
    </groups>
    <test name="Default test" duration-ms="400088" started-at="2017-06-23T13:29:15Z" finished-at="2017-06-23T13:35:55Z">
      <class name="Basic.CheckingFailedOnes">
        <test-method status="PASS" signature="LoginAutomatic()[pri:0, instance:Basic.CheckingFailedOnes@58fdd99]" name="LoginAutomatic" duration-ms="41156" started-at="2017-06-23T18:59:15Z" finished-at="2017-06-23T18:59:56Z">
          <reporter-output>
          </reporter-output>
        </test-method> <!-- LoginAutomatic -->
        <test-method status="PASS" signature="tearDown(org.testng.ITestResult)[pri:0, instance:Basic.CheckingFailedOnes@58fdd99]" name="tearDown" is-config="true" duration-ms="1" started-at="2017-06-23T18:59:56Z" finished-at="2017-06-23T18:59:56Z">
          <params>
            <param index="0">
              <value>
                <![CDATA[[TestResult name=LoginAutomatic status=SUCCESS method=CheckingFailedOnes.LoginAutomatic()[pri:0, instance:Basic.CheckingFailedOnes@58fdd99] output={null}]]]>
              </value>
            </param>
          </params>
          <reporter-output>
          </reporter-output>
        </test-method> <!-- tearDown -->
        <test-method status="PASS" signature="HomeScreenNoconnectioToDevice()[pri:1, instance:Basic.CheckingFailedOnes@58fdd99]" name="HomeScreenNoconnectioToDevice" duration-ms="103" started-at="2017-06-23T18:59:56Z" finished-at="2017-06-23T18:59:56Z">
          <reporter-output>
          </reporter-output>
        </test-method> <!-- HomeScreenNoconnectioToDevice -->
        <test-method status="PASS" signature="tearDown(org.testng.ITestResult)[pri:0, instance:Basic.CheckingFailedOnes@58fdd99]" name="tearDown" is-config="true" duration-ms="0" started-at="2017-06-23T18:59:56Z" finished-at="2017-06-23T18:59:56Z">
          <params>
            <param index="0">
              <value>
                <![CDATA[[TestResult name=HomeScreenNoconnectioToDevice status=SUCCESS method=CheckingFailedOnes.HomeScreenNoconnectioToDevice()[pri:1, instance:Basic.CheckingFailedOnes@58fdd99] output={null}]]]>
              </value>
            </param>
          </params>
          <reporter-output>
          </reporter-output>
        </test-method> <!-- tearDown -->
        <test-method status="PASS" signature="ConnectivityScreen()[pri:2, instance:Basic.CheckingFailedOnes@58fdd99]" name="ConnectivityScreen" duration-ms="99" started-at="2017-06-23T18:59:56Z" finished-at="2017-06-23T18:59:56Z">
          <reporter-output>
          </reporter-output>
        </test-method> <!-- ConnectivityScreen -->
        <test-method status="PASS" signature="tearDown(org.testng.ITestResult)[pri:0, instance:Basic.CheckingFailedOnes@58fdd99]" name="tearDown" is-config="true" duration-ms="0" started-at="2017-06-23T18:59:56Z" finished-at="2017-06-23T18:59:56Z">
          <params>
            <param index="0">
              <value>
                <![CDATA[[TestResult name=ConnectivityScreen status=SUCCESS method=CheckingFailedOnes.ConnectivityScreen()[pri:2, instance:Basic.CheckingFailedOnes@58fdd99] output={null}]]]>
              </value>
            </param>
          </params>
          <reporter-output>
          </reporter-output>
        </test-method> <!-- tearDown -->
        <test-method status="PASS" signature="NativeBacnetLogin()[pri:3, instance:Basic.CheckingFailedOnes@58fdd99]" name="NativeBacnetLogin" duration-ms="80734" started-at="2017-06-23T18:59:56Z" finished-at="2017-06-23T19:01:17Z">
          <reporter-output>
          </reporter-output>
        </test-method> <!-- NativeBacnetLogin -->
        <test-method status="PASS" signature="ChillerOverviewRefresh()[pri:4, instance:Basic.CheckingFailedOnes@58fdd99]" name="ChillerOverviewRefresh" duration-ms="15082" started-at="2017-06-23T19:01:17Z" depends-on-methods="Basic.CheckingFailedOnes.NativeBacnetLogin" finished-at="2017-06-23T19:01:32Z">
          <reporter-output>
          </reporter-output>
        </test-method> <!-- ChillerOverviewRefresh -->
        <test-method status="PASS" signature="tearDown(org.testng.ITestResult)[pri:0, instance:Basic.CheckingFailedOnes@58fdd99]" name="tearDown" is-config="true" duration-ms="0" started-at="2017-06-23T19:01:17Z" finished-at="2017-06-23T19:01:17Z">
          <params>
            <param index="0">
              <value>
                <![CDATA[[TestResult name=NativeBacnetLogin status=SUCCESS method=CheckingFailedOnes.NativeBacnetLogin()[pri:3, instance:Basic.CheckingFailedOnes@58fdd99] output={null}]]]>
              </value>
            </param>
          </params>
          <reporter-output>
          </reporter-output>
        </test-method> <!-- tearDown -->
        <test-method status="PASS" signature="tearDown(org.testng.ITestResult)[pri:0, instance:Basic.CheckingFailedOnes@58fdd99]" name="tearDown" is-config="true" duration-ms="0" started-at="2017-06-23T19:01:32Z" finished-at="2017-06-23T19:01:32Z">
          <params>
            <param index="0">
              <value>
                <![CDATA[[TestResult name=ChillerOverviewRefresh status=SUCCESS method=CheckingFailedOnes.ChillerOverviewRefresh()[pri:4, instance:Basic.CheckingFailedOnes@58fdd99] output={null}]]]>
              </value>
            </param>
          </params>
          <reporter-output>
          </reporter-output>
        </test-method> <!-- tearDown -->
        <test-method status="PASS" signature="TabNavigation()[pri:5, instance:Basic.CheckingFailedOnes@58fdd99]" name="TabNavigation" duration-ms="46549" started-at="2017-06-23T19:01:32Z" finished-at="2017-06-23T19:02:19Z">
          <reporter-output>
          </reporter-output>
        </test-method> <!-- TabNavigation -->
        <test-method status="PASS" signature="tearDown(org.testng.ITestResult)[pri:0, instance:Basic.CheckingFailedOnes@58fdd99]" name="tearDown" is-config="true" duration-ms="1" started-at="2017-06-23T19:02:19Z" finished-at="2017-06-23T19:02:19Z">
          <params>
            <param index="0">
              <value>
                <![CDATA[[TestResult name=TabNavigation status=SUCCESS method=CheckingFailedOnes.TabNavigation()[pri:5, instance:Basic.CheckingFailedOnes@58fdd99] output={null}]]]>
              </value>
            </param>
          </params>
          <reporter-output>
          </reporter-output>
        </test-method> <!-- tearDown -->
        <test-method status="PASS" signature="TraceRecording()[pri:6, instance:Basic.CheckingFailedOnes@58fdd99]" name="TraceRecording" duration-ms="31365" started-at="2017-06-23T19:02:19Z" finished-at="2017-06-23T19:02:50Z">
          <reporter-output>
          </reporter-output>
        </test-method> <!-- TraceRecording -->
        <test-method status="PASS" signature="TrendReportsAddNewConfigurationAddDatapoints()[pri:7, instance:Basic.CheckingFailedOnes@58fdd99]" name="TrendReportsAddNewConfigurationAddDatapoints" duration-ms="75020" started-at="2017-06-23T19:02:50Z" finished-at="2017-06-23T19:04:05Z">
          <reporter-output>
          </reporter-output>
        </test-method> <!-- TrendReportsAddNewConfigurationAddDatapoints -->
        <test-method status="PASS" signature="tearDown(org.testng.ITestResult)[pri:0, instance:Basic.CheckingFailedOnes@58fdd99]" name="tearDown" is-config="true" duration-ms="0" started-at="2017-06-23T19:02:50Z" finished-at="2017-06-23T19:02:50Z">
          <params>
            <param index="0">
              <value>
                <![CDATA[[TestResult name=TraceRecording status=SUCCESS method=CheckingFailedOnes.TraceRecording()[pri:6, instance:Basic.CheckingFailedOnes@58fdd99] output={null}]]]>
              </value>
            </param>
          </params>
          <reporter-output>
          </reporter-output>
        </test-method> <!-- tearDown -->
        <test-method status="PASS" signature="tearDown(org.testng.ITestResult)[pri:0, instance:Basic.CheckingFailedOnes@58fdd99]" name="tearDown" is-config="true" duration-ms="0" started-at="2017-06-23T19:04:05Z" finished-at="2017-06-23T19:04:05Z">
          <params>
            <param index="0">
              <value>
                <![CDATA[[TestResult name=TrendReportsAddNewConfigurationAddDatapoints status=SUCCESS method=CheckingFailedOnes.TrendReportsAddNewConfigurationAddDatapoints()[pri:7, instance:Basic.CheckingFailedOnes@58fdd99] output={null}]]]>
              </value>
            </param>
          </params>
          <reporter-output>
          </reporter-output>
        </test-method> <!-- tearDown -->
        <test-method status="FAIL" signature="Alarms()[pri:10, instance:Basic.CheckingFailedOnes@58fdd99]" name="Alarms" duration-ms="57" started-at="2017-06-23T19:04:05Z" finished-at="2017-06-23T19:04:05Z">
          <exception class="org.openqa.selenium.ElementNotVisibleException">
            <message>
              <![CDATA[element not visible
  (Session info: chrome=58.0.3029.110)
  (Driver info: chromedriver=2.29.461591 (62ebf098771772160f391d75e589dc567915b233),platform=Windows NT 6.3.9600 x86_64) (WARNING: The server did not provide any stacktrace information)
Command duration or timeout: 28 milliseconds
Build info: version: 'unknown', revision: '1969d75', time: '2016-10-18 09:43:45 -0700'
System info: host: 'FINDHYDAG727322', ip: '10.176.49.9', os.name: 'Windows 8.1', os.arch: 'amd64', os.version: '6.3', java.version: '1.8.0_51'
Driver info: org.openqa.selenium.chrome.ChromeDriver
Capabilities [{applicationCacheEnabled=false, rotatable=false, mobileEmulationEnabled=false, networkConnectionEnabled=false, chrome={chromedriverVersion=2.29.461591 (62ebf098771772160f391d75e589dc567915b233), userDataDir=C:\Users\swainN\AppData\Local\Temp\scoped_dir8616_16914}, takesHeapSnapshot=true, pageLoadStrategy=normal, databaseEnabled=false, handlesAlerts=true, hasTouchScreen=false, version=58.0.3029.110, platform=WIN8_1, browserConnectionEnabled=false, nativeEvents=true, acceptSslCerts=true, locationContextEnabled=true, webStorageEnabled=true, browserName=chrome, takesScreenshot=true, javascriptEnabled=true, cssSelectorsEnabled=true, unexpectedAlertBehaviour=}]
Session ID: 52b8dea51aa873d6e94befa6dcc402cb]]>
            </message>
            <full-stacktrace>
              <![CDATA[org.openqa.selenium.ElementNotVisibleException: element not visible
  (Session info: chrome=58.0.3029.110)
  (Driver info: chromedriver=2.29.461591 (62ebf098771772160f391d75e589dc567915b233),platform=Windows NT 6.3.9600 x86_64) (WARNING: The server did not provide any stacktrace information)
Command duration or timeout: 28 milliseconds
Build info: version: 'unknown', revision: '1969d75', time: '2016-10-18 09:43:45 -0700'
System info: host: 'FINDHYDAG727322', ip: '10.176.49.9', os.name: 'Windows 8.1', os.arch: 'amd64', os.version: '6.3', java.version: '1.8.0_51'
Driver info: org.openqa.selenium.chrome.ChromeDriver
Capabilities [{applicationCacheEnabled=false, rotatable=false, mobileEmulationEnabled=false, networkConnectionEnabled=false, chrome={chromedriverVersion=2.29.461591 (62ebf098771772160f391d75e589dc567915b233), userDataDir=C:\Users\swainN\AppData\Local\Temp\scoped_dir8616_16914}, takesHeapSnapshot=true, pageLoadStrategy=normal, databaseEnabled=false, handlesAlerts=true, hasTouchScreen=false, version=58.0.3029.110, platform=WIN8_1, browserConnectionEnabled=false, nativeEvents=true, acceptSslCerts=true, locationContextEnabled=true, webStorageEnabled=true, browserName=chrome, takesScreenshot=true, javascriptEnabled=true, cssSelectorsEnabled=true, unexpectedAlertBehaviour=}]
Session ID: 52b8dea51aa873d6e94befa6dcc402cb
	at sun.reflect.NativeConstructorAccessorImpl.newInstance0(Native Method)
	at sun.reflect.NativeConstructorAccessorImpl.newInstance(Unknown Source)
	at sun.reflect.DelegatingConstructorAccessorImpl.newInstance(Unknown Source)
	at java.lang.reflect.Constructor.newInstance(Unknown Source)
	at org.openqa.selenium.remote.ErrorHandler.createThrowable(ErrorHandler.java:216)
	at org.openqa.selenium.remote.ErrorHandler.throwIfResponseFailed(ErrorHandler.java:168)
	at org.openqa.selenium.remote.RemoteWebDriver.execute(RemoteWebDriver.java:635)
	at org.openqa.selenium.remote.RemoteWebElement.execute(RemoteWebElement.java:274)
	at org.openqa.selenium.remote.RemoteWebElement.click(RemoteWebElement.java:84)
	at Basic.CheckingFailedOnes.Alarms(CheckingFailedOnes.java:329)
	at sun.reflect.NativeMethodAccessorImpl.invoke0(Native Method)
	at sun.reflect.NativeMethodAccessorImpl.invoke(Unknown Source)
	at sun.reflect.DelegatingMethodAccessorImpl.invoke(Unknown Source)
	at java.lang.reflect.Method.invoke(Unknown Source)
	at org.testng.internal.MethodInvocationHelper.invokeMethod(MethodInvocationHelper.java:108)
	at org.testng.internal.Invoker.invokeMethod(Invoker.java:661)
	at org.testng.internal.Invoker.invokeTestMethod(Invoker.java:869)
	at org.testng.internal.Invoker.invokeTestMethods(Invoker.java:1193)
	at org.testng.internal.TestMethodWorker.invokeTestMethods(TestMethodWorker.java:126)
	at org.testng.internal.TestMethodWorker.run(TestMethodWorker.java:109)
	at org.testng.TestRunner.privateRun(TestRunner.java:744)
	at org.testng.TestRunner.run(TestRunner.java:602)
	at org.testng.SuiteRunner.runTest(SuiteRunner.java:380)
	at org.testng.SuiteRunner.runSequentially(SuiteRunner.java:375)
	at org.testng.SuiteRunner.privateRun(SuiteRunner.java:340)
	at org.testng.SuiteRunner.run(SuiteRunner.java:289)
	at org.testng.SuiteRunnerWorker.runSuite(SuiteRunnerWorker.java:52)
	at org.testng.SuiteRunnerWorker.run(SuiteRunnerWorker.java:86)
	at org.testng.TestNG.runSuitesSequentially(TestNG.java:1301)
	at org.testng.TestNG.runSuitesLocally(TestNG.java:1226)
	at org.testng.TestNG.runSuites(TestNG.java:1144)
	at org.testng.TestNG.run(TestNG.java:1115)
	at org.testng.remote.AbstractRemoteTestNG.run(AbstractRemoteTestNG.java:132)
	at org.testng.remote.RemoteTestNG.initAndRun(RemoteTestNG.java:230)
	at org.testng.remote.RemoteTestNG.main(RemoteTestNG.java:76)
]]>
            </full-stacktrace>
          </exception> <!-- org.openqa.selenium.ElementNotVisibleException -->
          <reporter-output>
          </reporter-output>
        </test-method> <!-- Alarms -->
        <test-method status="PASS" signature="tearDown(org.testng.ITestResult)[pri:0, instance:Basic.CheckingFailedOnes@58fdd99]" name="tearDown" is-config="true" duration-ms="1" started-at="2017-06-23T19:04:05Z" finished-at="2017-06-23T19:04:05Z">
          <params>
            <param index="0">
              <value>
                <![CDATA[[TestResult name=Alarms status=FAILURE method=CheckingFailedOnes.Alarms()[pri:10, instance:Basic.CheckingFailedOnes@58fdd99] output={null}]]]>
              </value>
            </param>
          </params>
          <reporter-output>
          </reporter-output>
        </test-method> <!-- tearDown -->
        <test-method status="FAIL" signature="DisconnectDevice()[pri:11, instance:Basic.CheckingFailedOnes@58fdd99]" name="DisconnectDevice" duration-ms="66" started-at="2017-06-23T19:04:05Z" finished-at="2017-06-23T19:04:05Z">
          <exception class="org.openqa.selenium.WebDriverException">
            <message>
              <![CDATA[unknown error: Element <img src="../images/Information_Icon-01.svg"> is not clickable at point (121, 81). Other element would receive the click: <div class="load-overlay" ng-show="loader.showLoader" style=""></div>
  (Session info: chrome=58.0.3029.110)
  (Driver info: chromedriver=2.29.461591 (62ebf098771772160f391d75e589dc567915b233),platform=Windows NT 6.3.9600 x86_64) (WARNING: The server did not provide any stacktrace information)
Command duration or timeout: 44 milliseconds
Build info: version: 'unknown', revision: '1969d75', time: '2016-10-18 09:43:45 -0700'
System info: host: 'FINDHYDAG727322', ip: '10.176.49.9', os.name: 'Windows 8.1', os.arch: 'amd64', os.version: '6.3', java.version: '1.8.0_51'
Driver info: org.openqa.selenium.chrome.ChromeDriver
Capabilities [{applicationCacheEnabled=false, rotatable=false, mobileEmulationEnabled=false, networkConnectionEnabled=false, chrome={chromedriverVersion=2.29.461591 (62ebf098771772160f391d75e589dc567915b233), userDataDir=C:\Users\swainN\AppData\Local\Temp\scoped_dir8616_16914}, takesHeapSnapshot=true, pageLoadStrategy=normal, databaseEnabled=false, handlesAlerts=true, hasTouchScreen=false, version=58.0.3029.110, platform=WIN8_1, browserConnectionEnabled=false, nativeEvents=true, acceptSslCerts=true, locationContextEnabled=true, webStorageEnabled=true, browserName=chrome, takesScreenshot=true, javascriptEnabled=true, cssSelectorsEnabled=true, unexpectedAlertBehaviour=}]
Session ID: 52b8dea51aa873d6e94befa6dcc402cb]]>
            </message>
            <full-stacktrace>
              <![CDATA[org.openqa.selenium.WebDriverException: unknown error: Element <img src="../images/Information_Icon-01.svg"> is not clickable at point (121, 81). Other element would receive the click: <div class="load-overlay" ng-show="loader.showLoader" style=""></div>
  (Session info: chrome=58.0.3029.110)
  (Driver info: chromedriver=2.29.461591 (62ebf098771772160f391d75e589dc567915b233),platform=Windows NT 6.3.9600 x86_64) (WARNING: The server did not provide any stacktrace information)
Command duration or timeout: 44 milliseconds
Build info: version: 'unknown', revision: '1969d75', time: '2016-10-18 09:43:45 -0700'
System info: host: 'FINDHYDAG727322', ip: '10.176.49.9', os.name: 'Windows 8.1', os.arch: 'amd64', os.version: '6.3', java.version: '1.8.0_51'
Driver info: org.openqa.selenium.chrome.ChromeDriver
Capabilities [{applicationCacheEnabled=false, rotatable=false, mobileEmulationEnabled=false, networkConnectionEnabled=false, chrome={chromedriverVersion=2.29.461591 (62ebf098771772160f391d75e589dc567915b233), userDataDir=C:\Users\swainN\AppData\Local\Temp\scoped_dir8616_16914}, takesHeapSnapshot=true, pageLoadStrategy=normal, databaseEnabled=false, handlesAlerts=true, hasTouchScreen=false, version=58.0.3029.110, platform=WIN8_1, browserConnectionEnabled=false, nativeEvents=true, acceptSslCerts=true, locationContextEnabled=true, webStorageEnabled=true, browserName=chrome, takesScreenshot=true, javascriptEnabled=true, cssSelectorsEnabled=true, unexpectedAlertBehaviour=}]
Session ID: 52b8dea51aa873d6e94befa6dcc402cb
	at sun.reflect.NativeConstructorAccessorImpl.newInstance0(Native Method)
	at sun.reflect.NativeConstructorAccessorImpl.newInstance(Unknown Source)
	at sun.reflect.DelegatingConstructorAccessorImpl.newInstance(Unknown Source)
	at java.lang.reflect.Constructor.newInstance(Unknown Source)
	at org.openqa.selenium.remote.ErrorHandler.createThrowable(ErrorHandler.java:216)
	at org.openqa.selenium.remote.ErrorHandler.throwIfResponseFailed(ErrorHandler.java:168)
	at org.openqa.selenium.remote.RemoteWebDriver.execute(RemoteWebDriver.java:635)
	at org.openqa.selenium.remote.RemoteWebElement.execute(RemoteWebElement.java:274)
	at org.openqa.selenium.remote.RemoteWebElement.click(RemoteWebElement.java:84)
	at Basic.CheckingFailedOnes.DisconnectDevice(CheckingFailedOnes.java:348)
	at sun.reflect.NativeMethodAccessorImpl.invoke0(Native Method)
	at sun.reflect.NativeMethodAccessorImpl.invoke(Unknown Source)
	at sun.reflect.DelegatingMethodAccessorImpl.invoke(Unknown Source)
	at java.lang.reflect.Method.invoke(Unknown Source)
	at org.testng.internal.MethodInvocationHelper.invokeMethod(MethodInvocationHelper.java:108)
	at org.testng.internal.Invoker.invokeMethod(Invoker.java:661)
	at org.testng.internal.Invoker.invokeTestMethod(Invoker.java:869)
	at org.testng.internal.Invoker.invokeTestMethods(Invoker.java:1193)
	at org.testng.internal.TestMethodWorker.invokeTestMethods(TestMethodWorker.java:126)
	at org.testng.internal.TestMethodWorker.run(TestMethodWorker.java:109)
	at org.testng.TestRunner.privateRun(TestRunner.java:744)
	at org.testng.TestRunner.run(TestRunner.java:602)
	at org.testng.SuiteRunner.runTest(SuiteRunner.java:380)
	at org.testng.SuiteRunner.runSequentially(SuiteRunner.java:375)
	at org.testng.SuiteRunner.privateRun(SuiteRunner.java:340)
	at org.testng.SuiteRunner.run(SuiteRunner.java:289)
	at org.testng.SuiteRunnerWorker.runSuite(SuiteRunnerWorker.java:52)
	at org.testng.SuiteRunnerWorker.run(SuiteRunnerWorker.java:86)
	at org.testng.TestNG.runSuitesSequentially(TestNG.java:1301)
	at org.testng.TestNG.runSuitesLocally(TestNG.java:1226)
	at org.testng.TestNG.runSuites(TestNG.java:1144)
	at org.testng.TestNG.run(TestNG.java:1115)
	at org.testng.remote.AbstractRemoteTestNG.run(AbstractRemoteTestNG.java:132)
	at org.testng.remote.RemoteTestNG.initAndRun(RemoteTestNG.java:230)
	at org.testng.remote.RemoteTestNG.main(RemoteTestNG.java:76)
]]>
            </full-stacktrace>
          </exception> <!-- org.openqa.selenium.WebDriverException -->
          <reporter-output>
          </reporter-output>
        </test-method> <!-- DisconnectDevice -->
        <test-method status="PASS" signature="tearDown(org.testng.ITestResult)[pri:0, instance:Basic.CheckingFailedOnes@58fdd99]" name="tearDown" is-config="true" duration-ms="0" started-at="2017-06-23T19:04:05Z" finished-at="2017-06-23T19:04:05Z">
          <params>
            <param index="0">
              <value>
                <![CDATA[[TestResult name=DisconnectDevice status=FAILURE method=CheckingFailedOnes.DisconnectDevice()[pri:11, instance:Basic.CheckingFailedOnes@58fdd99] output={null}]]]>
              </value>
            </param>
          </params>
          <reporter-output>
          </reporter-output>
        </test-method> <!-- tearDown -->
        <test-method status="FAIL" signature="ReportsOffline()[pri:12, instance:Basic.CheckingFailedOnes@58fdd99]" name="ReportsOffline" duration-ms="5102" started-at="2017-06-23T19:04:05Z" finished-at="2017-06-23T19:04:10Z">
          <exception class="org.openqa.selenium.WebDriverException">
            <message>
              <![CDATA[unknown error: Element <span class="caret-new"></span> is not clickable at point (1720, 14). Other element would receive the click: <div class="load-overlay" ng-show="loader.showLoader" style=""></div>
  (Session info: chrome=58.0.3029.110)
  (Driver info: chromedriver=2.29.461591 (62ebf098771772160f391d75e589dc567915b233),platform=Windows NT 6.3.9600 x86_64) (WARNING: The server did not provide any stacktrace information)
Command duration or timeout: 47 milliseconds
Build info: version: 'unknown', revision: '1969d75', time: '2016-10-18 09:43:45 -0700'
System info: host: 'FINDHYDAG727322', ip: '10.176.49.9', os.name: 'Windows 8.1', os.arch: 'amd64', os.version: '6.3', java.version: '1.8.0_51'
Driver info: org.openqa.selenium.chrome.ChromeDriver
Capabilities [{applicationCacheEnabled=false, rotatable=false, mobileEmulationEnabled=false, networkConnectionEnabled=false, chrome={chromedriverVersion=2.29.461591 (62ebf098771772160f391d75e589dc567915b233), userDataDir=C:\Users\swainN\AppData\Local\Temp\scoped_dir8616_16914}, takesHeapSnapshot=true, pageLoadStrategy=normal, databaseEnabled=false, handlesAlerts=true, hasTouchScreen=false, version=58.0.3029.110, platform=WIN8_1, browserConnectionEnabled=false, nativeEvents=true, acceptSslCerts=true, locationContextEnabled=true, webStorageEnabled=true, browserName=chrome, takesScreenshot=true, javascriptEnabled=true, cssSelectorsEnabled=true, unexpectedAlertBehaviour=}]
Session ID: 52b8dea51aa873d6e94befa6dcc402cb]]>
            </message>
            <full-stacktrace>
              <![CDATA[org.openqa.selenium.WebDriverException: unknown error: Element <span class="caret-new"></span> is not clickable at point (1720, 14). Other element would receive the click: <div class="load-overlay" ng-show="loader.showLoader" style=""></div>
  (Session info: chrome=58.0.3029.110)
  (Driver info: chromedriver=2.29.461591 (62ebf098771772160f391d75e589dc567915b233),platform=Windows NT 6.3.9600 x86_64) (WARNING: The server did not provide any stacktrace information)
Command duration or timeout: 47 milliseconds
Build info: version: 'unknown', revision: '1969d75', time: '2016-10-18 09:43:45 -0700'
System info: host: 'FINDHYDAG727322', ip: '10.176.49.9', os.name: 'Windows 8.1', os.arch: 'amd64', os.version: '6.3', java.version: '1.8.0_51'
Driver info: org.openqa.selenium.chrome.ChromeDriver
Capabilities [{applicationCacheEnabled=false, rotatable=false, mobileEmulationEnabled=false, networkConnectionEnabled=false, chrome={chromedriverVersion=2.29.461591 (62ebf098771772160f391d75e589dc567915b233), userDataDir=C:\Users\swainN\AppData\Local\Temp\scoped_dir8616_16914}, takesHeapSnapshot=true, pageLoadStrategy=normal, databaseEnabled=false, handlesAlerts=true, hasTouchScreen=false, version=58.0.3029.110, platform=WIN8_1, browserConnectionEnabled=false, nativeEvents=true, acceptSslCerts=true, locationContextEnabled=true, webStorageEnabled=true, browserName=chrome, takesScreenshot=true, javascriptEnabled=true, cssSelectorsEnabled=true, unexpectedAlertBehaviour=}]
Session ID: 52b8dea51aa873d6e94befa6dcc402cb
	at sun.reflect.NativeConstructorAccessorImpl.newInstance0(Native Method)
	at sun.reflect.NativeConstructorAccessorImpl.newInstance(Unknown Source)
	at sun.reflect.DelegatingConstructorAccessorImpl.newInstance(Unknown Source)
	at java.lang.reflect.Constructor.newInstance(Unknown Source)
	at org.openqa.selenium.remote.ErrorHandler.createThrowable(ErrorHandler.java:216)
	at org.openqa.selenium.remote.ErrorHandler.throwIfResponseFailed(ErrorHandler.java:168)
	at org.openqa.selenium.remote.RemoteWebDriver.execute(RemoteWebDriver.java:635)
	at org.openqa.selenium.remote.RemoteWebElement.execute(RemoteWebElement.java:274)
	at org.openqa.selenium.remote.RemoteWebElement.click(RemoteWebElement.java:84)
	at Basic.CheckingFailedOnes.ReportsOffline(CheckingFailedOnes.java:369)
	at sun.reflect.NativeMethodAccessorImpl.invoke0(Native Method)
	at sun.reflect.NativeMethodAccessorImpl.invoke(Unknown Source)
	at sun.reflect.DelegatingMethodAccessorImpl.invoke(Unknown Source)
	at java.lang.reflect.Method.invoke(Unknown Source)
	at org.testng.internal.MethodInvocationHelper.invokeMethod(MethodInvocationHelper.java:108)
	at org.testng.internal.Invoker.invokeMethod(Invoker.java:661)
	at org.testng.internal.Invoker.invokeTestMethod(Invoker.java:869)
	at org.testng.internal.Invoker.invokeTestMethods(Invoker.java:1193)
	at org.testng.internal.TestMethodWorker.invokeTestMethods(TestMethodWorker.java:126)
	at org.testng.internal.TestMethodWorker.run(TestMethodWorker.java:109)
	at org.testng.TestRunner.privateRun(TestRunner.java:744)
	at org.testng.TestRunner.run(TestRunner.java:602)
	at org.testng.SuiteRunner.runTest(SuiteRunner.java:380)
	at org.testng.SuiteRunner.runSequentially(SuiteRunner.java:375)
	at org.testng.SuiteRunner.privateRun(SuiteRunner.java:340)
	at org.testng.SuiteRunner.run(SuiteRunner.java:289)
	at org.testng.SuiteRunnerWorker.runSuite(SuiteRunnerWorker.java:52)
	at org.testng.SuiteRunnerWorker.run(SuiteRunnerWorker.java:86)
	at org.testng.TestNG.runSuitesSequentially(TestNG.java:1301)
	at org.testng.TestNG.runSuitesLocally(TestNG.java:1226)
	at org.testng.TestNG.runSuites(TestNG.java:1144)
	at org.testng.TestNG.run(TestNG.java:1115)
	at org.testng.remote.AbstractRemoteTestNG.run(AbstractRemoteTestNG.java:132)
	at org.testng.remote.RemoteTestNG.initAndRun(RemoteTestNG.java:230)
	at org.testng.remote.RemoteTestNG.main(RemoteTestNG.java:76)
]]>
            </full-stacktrace>
          </exception> <!-- org.openqa.selenium.WebDriverException -->
          <reporter-output>
          </reporter-output>
        </test-method> <!-- ReportsOffline -->
        <test-method status="PASS" signature="tearDown(org.testng.ITestResult)[pri:0, instance:Basic.CheckingFailedOnes@58fdd99]" name="tearDown" is-config="true" duration-ms="0" started-at="2017-06-23T19:04:10Z" finished-at="2017-06-23T19:04:10Z">
          <params>
            <param index="0">
              <value>
                <![CDATA[[TestResult name=ReportsOffline status=FAILURE method=CheckingFailedOnes.ReportsOffline()[pri:12, instance:Basic.CheckingFailedOnes@58fdd99] output={null}]]]>
              </value>
            </param>
          </params>
          <reporter-output>
          </reporter-output>
        </test-method> <!-- tearDown -->
        <test-method status="PASS" signature="UpdateProfile()[pri:13, instance:Basic.CheckingFailedOnes@58fdd99]" name="UpdateProfile" duration-ms="45731" started-at="2017-06-23T19:04:10Z" finished-at="2017-06-23T19:04:56Z">
          <reporter-output>
          </reporter-output>
        </test-method> <!-- UpdateProfile -->
        <test-method status="PASS" signature="Logout()[pri:14, instance:Basic.CheckingFailedOnes@58fdd99]" name="Logout" duration-ms="10631" started-at="2017-06-23T19:04:56Z" finished-at="2017-06-23T19:05:07Z">
          <reporter-output>
          </reporter-output>
        </test-method> <!-- Logout -->
        <test-method status="PASS" signature="tearDown(org.testng.ITestResult)[pri:0, instance:Basic.CheckingFailedOnes@58fdd99]" name="tearDown" is-config="true" duration-ms="0" started-at="2017-06-23T19:04:56Z" finished-at="2017-06-23T19:04:56Z">
          <params>
            <param index="0">
              <value>
                <![CDATA[[TestResult name=UpdateProfile status=SUCCESS method=CheckingFailedOnes.UpdateProfile()[pri:13, instance:Basic.CheckingFailedOnes@58fdd99] output={null}]]]>
              </value>
            </param>
          </params>
          <reporter-output>
          </reporter-output>
        </test-method> <!-- tearDown -->
        <test-method status="PASS" signature="tearDown(org.testng.ITestResult)[pri:0, instance:Basic.CheckingFailedOnes@58fdd99]" name="tearDown" is-config="true" duration-ms="0" started-at="2017-06-23T19:05:07Z" finished-at="2017-06-23T19:05:07Z">
          <params>
            <param index="0">
              <value>
                <![CDATA[[TestResult name=Logout status=SUCCESS method=CheckingFailedOnes.Logout()[pri:14, instance:Basic.CheckingFailedOnes@58fdd99] output={null}]]]>
              </value>
            </param>
          </params>
          <reporter-output>
          </reporter-output>
        </test-method> <!-- tearDown -->
        <test-method status="PASS" signature="AboutScreen()[pri:15, instance:Basic.CheckingFailedOnes@58fdd99]" name="AboutScreen" duration-ms="44265" started-at="2017-06-23T19:05:07Z" finished-at="2017-06-23T19:05:51Z">
          <reporter-output>
          </reporter-output>
        </test-method> <!-- AboutScreen -->
        <test-method status="PASS" signature="tearDown(org.testng.ITestResult)[pri:0, instance:Basic.CheckingFailedOnes@58fdd99]" name="tearDown" is-config="true" duration-ms="0" started-at="2017-06-23T19:05:51Z" finished-at="2017-06-23T19:05:51Z">
          <params>
            <param index="0">
              <value>
                <![CDATA[[TestResult name=AboutScreen status=SUCCESS method=CheckingFailedOnes.AboutScreen()[pri:15, instance:Basic.CheckingFailedOnes@58fdd99] output={null}]]]>
              </value>
            </param>
          </params>
          <reporter-output>
          </reporter-output>
        </test-method> <!-- tearDown -->
        <test-method status="PASS" signature="close()[pri:0, instance:Basic.CheckingFailedOnes@58fdd99]" name="close" is-config="true" duration-ms="4079" started-at="2017-06-23T19:05:51Z" finished-at="2017-06-23T19:05:55Z">
          <reporter-output>
          </reporter-output>
        </test-method> <!-- close -->
      </class> <!-- Basic.CheckingFailedOnes -->
    </test> <!-- Default test -->
  </suite> <!-- Default suite -->
</testng-results>
